<?xml version="1.0" encoding="UTF-8"?>
<testng-results skipped="0" failed="2" total="7" passed="5">
  <reporter-output>
  </reporter-output>
  <suite name="Kisan_Net_Web_Automation" duration-ms="185989" started-at="2018-02-23T18:50:20Z" finished-at="2018-02-23T18:53:26Z">
    <groups>
    </groups>
    <test name="LoginTest" duration-ms="20987" started-at="2018-02-23T18:50:20Z" finished-at="2018-02-23T18:50:41Z">
      <class name="testCases.RegisterUser_TC">
        <test-method status="PASS" signature="execute_RegisterUser_TC()[pri:0, instance:testCases.RegisterUser_TC@2344fc66]" name="execute_RegisterUser_TC" duration-ms="20956" started-at="2018-02-23T18:50:20Z" finished-at="2018-02-23T18:50:41Z">
        </test-method> <!-- execute_RegisterUser_TC -->
        <test-method status="PASS" signature="afterTest()[pri:0, instance:testCases.RegisterUser_TC@2344fc66]" name="afterTest" is-config="true" duration-ms="0" started-at="2018-02-23T18:50:41Z" finished-at="2018-02-23T18:50:41Z">
        </test-method> <!-- afterTest -->
      </class> <!-- testCases.RegisterUser_TC -->
    </test> <!-- LoginTest -->
    <test name="CreateChannel" duration-ms="22327" started-at="2018-02-23T18:50:41Z" finished-at="2018-02-23T18:51:04Z">
      <class name="testCases.CreateChannel">
        <test-method status="PASS" signature="createChannel()[pri:0, instance:testCases.CreateChannel@56f4468b]" name="createChannel" duration-ms="20635" started-at="2018-02-23T18:50:41Z" finished-at="2018-02-23T18:51:02Z">
        </test-method> <!-- createChannel -->
        <test-method status="PASS" signature="navigateToMyChat()[pri:0, instance:testCases.CreateChannel@56f4468b]" name="navigateToMyChat" is-config="true" duration-ms="1692" started-at="2018-02-23T18:51:02Z" finished-at="2018-02-23T18:51:04Z">
        </test-method> <!-- navigateToMyChat -->
      </class> <!-- testCases.CreateChannel -->
    </test> <!-- CreateChannel -->
    <test name="FollowChannel" duration-ms="12808" started-at="2018-02-23T18:51:04Z" finished-at="2018-02-23T18:51:17Z">
      <class name="testCases.FollowChannel">
        <test-method status="PASS" signature="followChannel()[pri:0, instance:testCases.FollowChannel@51efea79]" name="followChannel" duration-ms="12808" started-at="2018-02-23T18:51:04Z" finished-at="2018-02-23T18:51:17Z">
        </test-method> <!-- followChannel -->
      </class> <!-- testCases.FollowChannel -->
    </test> <!-- FollowChannel -->
    <test name="SendTextToFollower" duration-ms="6780" started-at="2018-02-23T18:51:17Z" finished-at="2018-02-23T18:51:23Z">
      <class name="testCases.SendTextToFollower">
        <test-method status="PASS" signature="SendText()[pri:0, instance:testCases.SendTextToFollower@58651fd0]" name="SendText" duration-ms="5185" started-at="2018-02-23T18:51:17Z" finished-at="2018-02-23T18:51:22Z">
        </test-method> <!-- SendText -->
        <test-method status="PASS" signature="navigateToMyChat()[pri:0, instance:testCases.SendTextToFollower@58651fd0]" name="navigateToMyChat" is-config="true" duration-ms="1595" started-at="2018-02-23T18:51:22Z" finished-at="2018-02-23T18:51:23Z">
        </test-method> <!-- navigateToMyChat -->
      </class> <!-- testCases.SendTextToFollower -->
    </test> <!-- SendTextToFollower -->
    <test name="SendImageToFollower" duration-ms="18911" started-at="2018-02-23T18:51:23Z" finished-at="2018-02-23T18:51:42Z">
      <class name="testCases.SendImageToFollower">
        <test-method status="PASS" signature="sendImage()[pri:0, instance:testCases.SendImageToFollower@7c16905e]" name="sendImage" duration-ms="17297" started-at="2018-02-23T18:51:23Z" finished-at="2018-02-23T18:51:41Z">
        </test-method> <!-- sendImage -->
        <test-method status="PASS" signature="navigateToMyChat()[pri:0, instance:testCases.SendImageToFollower@7c16905e]" name="navigateToMyChat" is-config="true" duration-ms="1614" started-at="2018-02-23T18:51:41Z" finished-at="2018-02-23T18:51:42Z">
        </test-method> <!-- navigateToMyChat -->
      </class> <!-- testCases.SendImageToFollower -->
    </test> <!-- SendImageToFollower -->
    <test name="EditUserProfile" duration-ms="104039" started-at="2018-02-23T18:51:42Z" finished-at="2018-02-23T18:53:26Z">
      <class name="testCases.EditUserProfile">
        <test-method status="FAIL" signature="editUSerProfile()[pri:0, instance:testCases.EditUserProfile@482f8f11]" name="editUSerProfile" duration-ms="104014" started-at="2018-02-23T18:51:42Z" finished-at="2018-02-23T18:53:26Z">
          <exception class="org.openqa.selenium.TimeoutException">
            <message>
              <![CDATA[Expected condition failed: waiting for presence of element located by: By.partialLinkText: ADD MORE (tried for 50 second(s) with 500 MILLISECONDS interval)]]>
            </message>
            <full-stacktrace>
              <![CDATA[org.openqa.selenium.TimeoutException: Expected condition failed: waiting for presence of element located by: By.partialLinkText: ADD MORE (tried for 50 second(s) with 500 MILLISECONDS interval)
	at org.openqa.selenium.support.ui.WebDriverWait.timeoutException(WebDriverWait.java:80)
	at org.openqa.selenium.support.ui.FluentWait.until(FluentWait.java:232)
	at utility.BaseClass.waitTillElementPresent(BaseClass.java:103)
	at pageObjects.EditUserProfilePage.clickAddMoreBtn(EditUserProfilePage.java:63)
	at testCases.EditUserProfile.editUSerProfile(EditUserProfile.java:25)
	at sun.reflect.NativeMethodAccessorImpl.invoke0(Native Method)
	at sun.reflect.NativeMethodAccessorImpl.invoke(Unknown Source)
	at sun.reflect.DelegatingMethodAccessorImpl.invoke(Unknown Source)
	at java.lang.reflect.Method.invoke(Unknown Source)
	at org.testng.internal.MethodInvocationHelper.invokeMethod(MethodInvocationHelper.java:80)
	at org.testng.internal.Invoker.invokeMethod(Invoker.java:702)
	at org.testng.internal.Invoker.invokeTestMethod(Invoker.java:894)
	at org.testng.internal.Invoker.invokeTestMethods(Invoker.java:1219)
	at org.testng.internal.TestMethodWorker.invokeTestMethods(TestMethodWorker.java:127)
	at org.testng.internal.TestMethodWorker.run(TestMethodWorker.java:111)
	at org.testng.TestRunner.privateRun(TestRunner.java:768)
	at org.testng.TestRunner.run(TestRunner.java:617)
	at org.testng.SuiteRunner.runTest(SuiteRunner.java:334)
	at org.testng.SuiteRunner.runSequentially(SuiteRunner.java:329)
	at org.testng.SuiteRunner.privateRun(SuiteRunner.java:291)
	at org.testng.SuiteRunner.run(SuiteRunner.java:240)
	at org.testng.SuiteRunnerWorker.runSuite(SuiteRunnerWorker.java:53)
	at org.testng.SuiteRunnerWorker.run(SuiteRunnerWorker.java:87)
	at org.testng.TestNG.runSuitesSequentially(TestNG.java:1188)
	at org.testng.TestNG.runSuitesLocally(TestNG.java:1113)
	at org.testng.TestNG.run(TestNG.java:1025)
	at org.testng.remote.AbstractRemoteTestNG.run(AbstractRemoteTestNG.java:114)
	at org.testng.remote.RemoteTestNG.initAndRun(RemoteTestNG.java:251)
	at org.testng.remote.RemoteTestNG.main(RemoteTestNG.java:77)
Caused by: org.openqa.selenium.NoSuchElementException: Cannot locate an element using By.partialLinkText: ADD MORE
For documentation on this error, please visit: http://seleniumhq.org/exceptions/no_such_element.html
Build info: version: '3.3.1', revision: '5234b32', time: '2017-03-10 09:04:52 -0800'
System info: host: 'KISANABHI-PC', ip: '192.168.1.100', os.name: 'Windows 7', os.arch: 'amd64', os.version: '6.1', java.version: '1.8.0_161'
Driver info: driver.version: unknown
	at org.openqa.selenium.support.ui.ExpectedConditions.lambda$findElement$0(ExpectedConditions.java:899)
	at java.util.Optional.orElseThrow(Unknown Source)
	at org.openqa.selenium.support.ui.ExpectedConditions.findElement(ExpectedConditions.java:898)
	at org.openqa.selenium.support.ui.ExpectedConditions.access$000(ExpectedConditions.java:44)
	at org.openqa.selenium.support.ui.ExpectedConditions$6.apply(ExpectedConditions.java:184)
	at org.openqa.selenium.support.ui.ExpectedConditions$6.apply(ExpectedConditions.java:181)
	at org.openqa.selenium.support.ui.FluentWait.until(FluentWait.java:209)
	... 27 more
]]>
            </full-stacktrace>
          </exception> <!-- org.openqa.selenium.TimeoutException -->
        </test-method> <!-- editUSerProfile -->
      </class> <!-- testCases.EditUserProfile -->
    </test> <!-- EditUserProfile -->
    <test name="ChangeLanguage" duration-ms="73" started-at="2018-02-23T18:53:26Z" finished-at="2018-02-23T18:53:26Z">
      <class name="testCases.ChangeLanguage">
        <test-method status="FAIL" signature="changeLanguage()[pri:0, instance:testCases.ChangeLanguage@724af044]" name="changeLanguage" duration-ms="69" started-at="2018-02-23T18:53:26Z" finished-at="2018-02-23T18:53:26Z">
          <exception class="org.openqa.selenium.WebDriverException">
            <message>
              <![CDATA[Element <button type="button"> is not clickable at point (70.79166412353516,31) because another element <div> obscures it
Build info: version: '3.3.1', revision: '5234b32', time: '2017-03-10 09:04:52 -0800'
System info: host: 'KISANABHI-PC', ip: '192.168.1.100', os.name: 'Windows 7', os.arch: 'amd64', os.version: '6.1', java.version: '1.8.0_161'
Driver info: org.openqa.selenium.firefox.FirefoxDriver
Capabilities [{moz:profile=C:\Users\KisanAbhi\AppData\Local\Temp\rust_mozprofile.zgE5wykImeCq, rotatable=false, timeouts={implicit=0, pageLoad=300000, script=30000}, pageLoadStrategy=normal, moz:headless=false, platform=ANY, moz:accessibilityChecks=false, moz:useNonSpecCompliantPointerOrigin=false, acceptInsecureCerts=false, browserVersion=59.0, platformVersion=6.1, moz:processID=8536, browserName=firefox, platformName=windows_nt, moz:webdriverClick=true}]
Session ID: 10efefe1-1c1e-44de-b2b1-20eb141fdb8a]]>
            </message>
            <full-stacktrace>
              <![CDATA[org.openqa.selenium.WebDriverException: Element <button type="button"> is not clickable at point (70.79166412353516,31) because another element <div> obscures it
Build info: version: '3.3.1', revision: '5234b32', time: '2017-03-10 09:04:52 -0800'
System info: host: 'KISANABHI-PC', ip: '192.168.1.100', os.name: 'Windows 7', os.arch: 'amd64', os.version: '6.1', java.version: '1.8.0_161'
Driver info: org.openqa.selenium.firefox.FirefoxDriver
Capabilities [{moz:profile=C:\Users\KisanAbhi\AppData\Local\Temp\rust_mozprofile.zgE5wykImeCq, rotatable=false, timeouts={implicit=0, pageLoad=300000, script=30000}, pageLoadStrategy=normal, moz:headless=false, platform=ANY, moz:accessibilityChecks=false, moz:useNonSpecCompliantPointerOrigin=false, acceptInsecureCerts=false, browserVersion=59.0, platformVersion=6.1, moz:processID=8536, browserName=firefox, platformName=windows_nt, moz:webdriverClick=true}]
Session ID: 10efefe1-1c1e-44de-b2b1-20eb141fdb8a
	at sun.reflect.NativeConstructorAccessorImpl.newInstance0(Native Method)
	at sun.reflect.NativeConstructorAccessorImpl.newInstance(Unknown Source)
	at sun.reflect.DelegatingConstructorAccessorImpl.newInstance(Unknown Source)
	at java.lang.reflect.Constructor.newInstance(Unknown Source)
	at org.openqa.selenium.remote.http.W3CHttpResponseCodec.createException(W3CHttpResponseCodec.java:133)
	at org.openqa.selenium.remote.http.W3CHttpResponseCodec.decode(W3CHttpResponseCodec.java:99)
	at org.openqa.selenium.remote.http.W3CHttpResponseCodec.decode(W3CHttpResponseCodec.java:43)
	at org.openqa.selenium.remote.HttpCommandExecutor.execute(HttpCommandExecutor.java:163)
	at org.openqa.selenium.remote.service.DriverCommandExecutor.execute(DriverCommandExecutor.java:82)
	at org.openqa.selenium.remote.RemoteWebDriver.execute(RemoteWebDriver.java:604)
	at org.openqa.selenium.remote.RemoteWebElement.execute(RemoteWebElement.java:274)
	at org.openqa.selenium.remote.RemoteWebElement.click(RemoteWebElement.java:84)
	at pageObjects.LeftDrawer.clickLeftDrawerBtn(LeftDrawer.java:21)
	at testCases.ChangeLanguage.changeLanguage(ChangeLanguage.java:14)
	at sun.reflect.NativeMethodAccessorImpl.invoke0(Native Method)
	at sun.reflect.NativeMethodAccessorImpl.invoke(Unknown Source)
	at sun.reflect.DelegatingMethodAccessorImpl.invoke(Unknown Source)
	at java.lang.reflect.Method.invoke(Unknown Source)
	at org.testng.internal.MethodInvocationHelper.invokeMethod(MethodInvocationHelper.java:80)
	at org.testng.internal.Invoker.invokeMethod(Invoker.java:702)
	at org.testng.internal.Invoker.invokeTestMethod(Invoker.java:894)
	at org.testng.internal.Invoker.invokeTestMethods(Invoker.java:1219)
	at org.testng.internal.TestMethodWorker.invokeTestMethods(TestMethodWorker.java:127)
	at org.testng.internal.TestMethodWorker.run(TestMethodWorker.java:111)
	at org.testng.TestRunner.privateRun(TestRunner.java:768)
	at org.testng.TestRunner.run(TestRunner.java:617)
	at org.testng.SuiteRunner.runTest(SuiteRunner.java:334)
	at org.testng.SuiteRunner.runSequentially(SuiteRunner.java:329)
	at org.testng.SuiteRunner.privateRun(SuiteRunner.java:291)
	at org.testng.SuiteRunner.run(SuiteRunner.java:240)
	at org.testng.SuiteRunnerWorker.runSuite(SuiteRunnerWorker.java:53)
	at org.testng.SuiteRunnerWorker.run(SuiteRunnerWorker.java:87)
	at org.testng.TestNG.runSuitesSequentially(TestNG.java:1188)
	at org.testng.TestNG.runSuitesLocally(TestNG.java:1113)
	at org.testng.TestNG.run(TestNG.java:1025)
	at org.testng.remote.AbstractRemoteTestNG.run(AbstractRemoteTestNG.java:114)
	at org.testng.remote.RemoteTestNG.initAndRun(RemoteTestNG.java:251)
	at org.testng.remote.RemoteTestNG.main(RemoteTestNG.java:77)
]]>
            </full-stacktrace>
          </exception> <!-- org.openqa.selenium.WebDriverException -->
        </test-method> <!-- changeLanguage -->
      </class> <!-- testCases.ChangeLanguage -->
      <class name="testCases.RegisterUser_TC">
        <test-method status="PASS" signature="beforeRegister_TC()[pri:0, instance:testCases.RegisterUser_TC@2344fc66]" name="beforeRegister_TC" is-config="true" duration-ms="43825" started-at="2018-02-23T18:49:37Z" finished-at="2018-02-23T18:50:20Z">
        </test-method> <!-- beforeRegister_TC -->
      </class> <!-- testCases.RegisterUser_TC -->
    </test> <!-- ChangeLanguage -->
  </suite> <!-- Kisan_Net_Web_Automation -->
</testng-results>
